<html>
<head>
<title>TestNG:  /Users/varsha.tiwari/Documents/Appium_Resources/ToDoAppUIAuotmation</title>
<link href="../testng.css" rel="stylesheet" type="text/css" />
<link href="../my-testng.css" rel="stylesheet" type="text/css" />

<style type="text/css">
.log { display: none;} 
.stack-trace { display: none;} 
</style>
<script type="text/javascript">
<!--
function flip(e) {
  current = e.style.display;
  if (current == 'block') {
    e.style.display = 'none';
    return 0;
  }
  else {
    e.style.display = 'block';
    return 1;
  }
}

function toggleBox(szDivId, elem, msg1, msg2)
{
  var res = -1;  if (document.getElementById) {
    res = flip(document.getElementById(szDivId));
  }
  else if (document.all) {
    // this is the way old msie versions work
    res = flip(document.all[szDivId]);
  }
  if(elem) {
    if(res == 0) elem.innerHTML = msg1; else elem.innerHTML = msg2;
  }

}

function toggleAllBoxes() {
  if (document.getElementsByTagName) {
    d = document.getElementsByTagName('div');
    for (i = 0; i < d.length; i++) {
      if (d[i].className == 'log') {
        flip(d[i]);
      }
    }
  }
}

// -->
</script>

</head>
<body>
<h2 align='center'>/Users/varsha.tiwari/Documents/Appium_Resources/ToDoAppUIAuotmation</h2><table border='1' align="center">
<tr>
<td>Tests passed/Failed/Skipped:</td><td>10/0/1</td>
</tr><tr>
<td>Started on:</td><td>Sat Apr 01 15:55:57 IST 2023</td>
</tr>
<tr><td>Total time:</td><td>147 seconds (147080 ms)</td>
</tr><tr>
<td>Included groups:</td><td></td>
</tr><tr>
<td>Excluded groups:</td><td></td>
</tr>
</table><p/>
<small><i>(Hover the method name to see the test class name)</i></small><p/>
<table width='100%' border='1' class='invocation-passed'>
<tr><td colspan='4' align='center'><b>PASSED TESTS</b></td></tr>
<tr><td><b>Test method</b></td>
<td width="30%"><b>Exception</b></td>
<td width="10%"><b>Time (seconds)</b></td>
<td><b>Instance</b></td>
</tr>
<tr>
<td title='testScripts.HomePageTest.testAddingEmptyString()'><b>testAddingEmptyString</b><br>Test class: testScripts.HomePageTest</td>
<td></td>
<td>11</td>
<td>testScripts.HomePageTest@4f9a3314</td></tr>
<tr>
<td title='testScripts.HomePageTest.testAddSingleItemToTheList()'><b>testAddSingleItemToTheList</b><br>Test class: testScripts.HomePageTest</td>
<td></td>
<td>10</td>
<td>testScripts.HomePageTest@4f9a3314</td></tr>
<tr>
<td title='testScripts.HomePageTest.testEditTextOfItemPresentInList()'><b>testEditTextOfItemPresentInList</b><br>Test class: testScripts.HomePageTest</td>
<td></td>
<td>10</td>
<td>testScripts.HomePageTest@4f9a3314</td></tr>
<tr>
<td title='testScripts.HomePageTest.testToDoListContentPostPageRefresh()'><b>testToDoListContentPostPageRefresh</b><br>Test class: testScripts.HomePageTest</td>
<td></td>
<td>10</td>
<td>testScripts.HomePageTest@4f9a3314</td></tr>
<tr>
<td title='testScripts.HomePageTest.testAddMultipleItemsAndMarkMultipleAsDone()'><b>testAddMultipleItemsAndMarkMultipleAsDone</b><br>Test class: testScripts.HomePageTest<br>Parameters: testing,shopping,owrjdfnd,43545#@@,party!!, complete,in_progress,complete,complete,in_progress</td>
<td></td>
<td>12</td>
<td>testScripts.HomePageTest@4f9a3314</td></tr>
<tr>
<td title='testScripts.HomePageTest.testAddingStringWithTrailingSpaces()'><b>testAddingStringWithTrailingSpaces</b><br>Test class: testScripts.HomePageTest</td>
<td></td>
<td>11</td>
<td>testScripts.HomePageTest@4f9a3314</td></tr>
<tr>
<td title='testScripts.HomePageTest.testAdditionOfMultipleItemsAndSequence()'><b>testAdditionOfMultipleItemsAndSequence</b><br>Test class: testScripts.HomePageTest<br>Parameters: [Ljava.lang.String;@7c9ea1d0</td>
<td></td>
<td>11</td>
<td>testScripts.HomePageTest@4f9a3314</td></tr>
<tr>
<td title='testScripts.HomePageTest.testMarkItemAsCompletedAndClearFromList()'><b>testMarkItemAsCompletedAndClearFromList</b><br>Test class: testScripts.HomePageTest</td>
<td></td>
<td>9</td>
<td>testScripts.HomePageTest@4f9a3314</td></tr>
<tr>
<td title='testScripts.HomePageTest.testRemoveItemFromList()'><b>testRemoveItemFromList</b><br>Test class: testScripts.HomePageTest</td>
<td></td>
<td>10</td>
<td>testScripts.HomePageTest@4f9a3314</td></tr>
<tr>
<td title='testScripts.HomePageTest.testToDoListAllowsDuplicateEntries()'><b>testToDoListAllowsDuplicateEntries</b><br>Test class: testScripts.HomePageTest</td>
<td></td>
<td>11</td>
<td>testScripts.HomePageTest@4f9a3314</td></tr>
</table><p>
<table width='100%' border='1' class='invocation-skipped'>
<tr><td colspan='4' align='center'><b>SKIPPED TESTS</b></td></tr>
<tr><td><b>Test method</b></td>
<td width="30%"><b>Exception</b></td>
<td width="10%"><b>Time (seconds)</b></td>
<td><b>Instance</b></td>
</tr>
<tr>
<td title='testScripts.HomePageTest.testAddMultipleItemsAndMarkMultipleAsDone()'><b>testAddMultipleItemsAndMarkMultipleAsDone</b><br>Test class: testScripts.HomePageTest<br>Parameters: testing,shopping,owrjdfnd,43545#@@,party!!, complete,in_progress,complete,complete,in_progress</td>
<td><div><pre>org.openqa.selenium.NoSuchElementException: Unable to locate element: //label[text()=&apos;owrjdfnd&apos;]/parent::div/input[@type=&apos;checkbox&apos;]
For documentation on this error, please visit: https://www.seleniumhq.org/exceptions/no_such_element.html
Build info: version: &apos;3.141.59&apos;, revision: &apos;e82be7d358&apos;, time: &apos;2018-11-14T08:17:03&apos;
System info: host: &apos;IN-IT7687&apos;, ip: &apos;2402:e280:3e21:701:d552:9973:4056:805d%en0&apos;, os.name: &apos;Mac OS X&apos;, os.arch: &apos;x86_64&apos;, os.version: &apos;13.2.1&apos;, java.version: &apos;17.0.2&apos;
Driver info: org.openqa.selenium.remote.RemoteWebDriver
Capabilities {acceptInsecureCerts: true, browserName: firefox, browserVersion: 110.0, javascriptEnabled: true, moz:accessibilityChecks: false, moz:buildID: 20230214051806, moz:firefoxOptions: {args: [], prefs: {}}, moz:geckodriverVersion: 0.32.1, moz:headless: false, moz:platformVersion: 5.15.64-0-virt, moz:processID: 303, moz:profile: /tmp/rust_mozprofileIyJtf6, moz:shutdownTimeout: 60000, moz:useNonSpecCompliantPointerOrigin: false, moz:webdriverClick: true, moz:windowless: false, pageLoadStrategy: normal, platform: LINUX, platformName: LINUX, proxy: Proxy(), se:bidi: ws://172.21.0.3:4444/sessio..., se:cdp: ws://172.21.0.3:4444/sessio..., se:noVncPort: 7900, se:vnc: ws://172.21.0.3:4444/sessio..., se:vncEnabled: true, se:vncLocalAddress: ws://172.21.0.3:7900, setWindowRect: true, strictFileInteractability: false, timeouts: {implicit: 0, pageLoad: 300000, script: 30000}, unhandledPromptBehavior: dismiss and notify}
Session ID: e3029e29-d955-4960-b2c4-94d13985c5bf
*** Element info: {Using=xpath, value=//label[text()=&apos;owrjdfnd&apos;]/parent::div/input[@type=&apos;checkbox&apos;]}
	at java.base/jdk.internal.reflect.NativeConstructorAccessorImpl.newInstance0(Native Method)
	at java.base/jdk.internal.reflect.NativeConstructorAccessorImpl.newInstance(NativeConstructorAccessorImpl.java:77)
	at java.base/jdk.internal.reflect.DelegatingConstructorAccessorImpl.newInstance(DelegatingConstructorAccessorImpl.java:45)
	at java.base/java.lang.reflect.Constructor.newInstanceWithCaller(Constructor.java:499)
	at java.base/java.lang.reflect.Constructor.newInstance(Constructor.java:480)
	at org.openqa.selenium.remote.http.W3CHttpResponseCodec.createException(W3CHttpResponseCodec.java:187)
	at org.openqa.selenium.remote.http.W3CHttpResponseCodec.decode(W3CHttpResponseCodec.java:122)
	at org.openqa.selenium.remote.http.W3CHttpResponseCodec.decode(W3CHttpResponseCodec.java:49)
	at org.openqa.selenium.remote.HttpCommandExecutor.execute(HttpCommandExecutor.java:158)
	at org.openqa.selenium.remote.RemoteWebDriver.execute(RemoteWebDriver.java:552)
	at org.openqa.selenium.remote.RemoteWebDriver.findElement(RemoteWebDriver.java:323)
	at org.openqa.selenium.remote.RemoteWebDriver.findElementByXPath(RemoteWebDriver.java:428)
	at org.openqa.selenium.By$ByXPath.findElement(By.java:353)
	at org.openqa.selenium.remote.RemoteWebDriver.findElement(RemoteWebDriver.java:315)
	at base.PredefinedActions.getElementWithoutWait(PredefinedActions.java:93)
	at base.PredefinedActions.getElement(PredefinedActions.java:249)
	at base.PredefinedActions.clickOnElement(PredefinedActions.java:331)
	at pages.HomePage.markElementAsDone(HomePage.java:110)
	at pages.HomePage.markMultipleItemsAsComplete(HomePage.java:157)
	at testScripts.HomePageTest.testAddMultipleItemsAndMarkMultipleAsDone(HomePageTest.java:92)
	at java.base/jdk.internal.reflect.NativeMethodAccessorImpl.invoke0(Native Method)
	at java.base/jdk.internal.reflect.NativeMethodAccessorImpl.invoke(NativeMethodAccessorImpl.java:77)
	at java.base/jdk.internal.reflect.DelegatingMethodAccessorImpl.invoke(DelegatingMethodAccessorImpl.java:43)
	at java.base/java.lang.reflect.Method.invoke(Method.java:568)
	at org.testng.internal.MethodInvocationHelper.invokeMethod(MethodInvocationHelper.java:133)
	at org.testng.internal.TestInvoker.invokeMethod(TestInvoker.java:598)
	at org.testng.internal.TestInvoker.invokeTestMethod(TestInvoker.java:173)
	at org.testng.internal.MethodRunner.runInSequence(MethodRunner.java:46)
	at org.testng.internal.TestInvoker$MethodInvocationAgent.invoke(TestInvoker.java:824)
	at org.testng.internal.TestInvoker.invokeTestMethods(TestInvoker.java:146)
	at org.testng.internal.TestMethodWorker.invokeTestMethods(TestMethodWorker.java:146)
	at org.testng.internal.TestMethodWorker.run(TestMethodWorker.java:128)
	at java.base/java.util.ArrayList.forEach(ArrayList.java:1511)
	at org.testng.TestRunner.privateRun(TestRunner.java:794)
	at org.testng.TestRunner.run(TestRunner.java:596)
	at org.testng.SuiteRunner.runTest(SuiteRunner.java:377)
	at org.testng.SuiteRunner.runSequentially(SuiteRunner.java:371)
	at org.testng.SuiteRunner.privateRun(SuiteRunner.java:332)
	at org.testng.SuiteRunner.run(SuiteRunner.java:276)
	at org.testng.SuiteRunnerWorker.runSuite(SuiteRunnerWorker.java:53)
	at org.testng.SuiteRunnerWorker.run(SuiteRunnerWorker.java:96)
	at org.testng.TestNG.runSuitesSequentially(TestNG.java:1212)
	at org.testng.TestNG.runSuitesLocally(TestNG.java:1134)
	at org.testng.TestNG.runSuites(TestNG.java:1063)
	at org.testng.TestNG.run(TestNG.java:1031)
	at org.apache.maven.surefire.testng.TestNGExecutor.run(TestNGExecutor.java:282)
	at org.apache.maven.surefire.testng.TestNGXmlTestSuite.execute(TestNGXmlTestSuite.java:83)
	at org.apache.maven.surefire.testng.TestNGProvider.invoke(TestNGProvider.java:114)
	at org.apache.maven.surefire.booter.ForkedBooter.invokeProviderInSameClassLoader(ForkedBooter.java:286)
	at org.apache.maven.surefire.booter.ForkedBooter.runSuitesInProcess(ForkedBooter.java:240)
	at org.apache.maven.surefire.booter.ForkedBooter.main(ForkedBooter.java:121)
</pre></div><a href='#' onClick='toggleBox("stack-trace869005911", this, "Click to show all stack frames", "Click to hide stack frames")'>Click to show all stack frames</a>
<div class='stack-trace' id='stack-trace869005911'><pre>org.openqa.selenium.NoSuchElementException: Unable to locate element: //label[text()=&apos;owrjdfnd&apos;]/parent::div/input[@type=&apos;checkbox&apos;]
For documentation on this error, please visit: https://www.seleniumhq.org/exceptions/no_such_element.html
Build info: version: &apos;3.141.59&apos;, revision: &apos;e82be7d358&apos;, time: &apos;2018-11-14T08:17:03&apos;
System info: host: &apos;IN-IT7687&apos;, ip: &apos;2402:e280:3e21:701:d552:9973:4056:805d%en0&apos;, os.name: &apos;Mac OS X&apos;, os.arch: &apos;x86_64&apos;, os.version: &apos;13.2.1&apos;, java.version: &apos;17.0.2&apos;
Driver info: org.openqa.selenium.remote.RemoteWebDriver
Capabilities {acceptInsecureCerts: true, browserName: firefox, browserVersion: 110.0, javascriptEnabled: true, moz:accessibilityChecks: false, moz:buildID: 20230214051806, moz:firefoxOptions: {args: [], prefs: {}}, moz:geckodriverVersion: 0.32.1, moz:headless: false, moz:platformVersion: 5.15.64-0-virt, moz:processID: 303, moz:profile: /tmp/rust_mozprofileIyJtf6, moz:shutdownTimeout: 60000, moz:useNonSpecCompliantPointerOrigin: false, moz:webdriverClick: true, moz:windowless: false, pageLoadStrategy: normal, platform: LINUX, platformName: LINUX, proxy: Proxy(), se:bidi: ws://172.21.0.3:4444/sessio..., se:cdp: ws://172.21.0.3:4444/sessio..., se:noVncPort: 7900, se:vnc: ws://172.21.0.3:4444/sessio..., se:vncEnabled: true, se:vncLocalAddress: ws://172.21.0.3:7900, setWindowRect: true, strictFileInteractability: false, timeouts: {implicit: 0, pageLoad: 300000, script: 30000}, unhandledPromptBehavior: dismiss and notify}
Session ID: e3029e29-d955-4960-b2c4-94d13985c5bf
*** Element info: {Using=xpath, value=//label[text()=&apos;owrjdfnd&apos;]/parent::div/input[@type=&apos;checkbox&apos;]}
	at java.base/jdk.internal.reflect.NativeConstructorAccessorImpl.newInstance0(Native Method)
	at java.base/jdk.internal.reflect.NativeConstructorAccessorImpl.newInstance(NativeConstructorAccessorImpl.java:77)
	at java.base/jdk.internal.reflect.DelegatingConstructorAccessorImpl.newInstance(DelegatingConstructorAccessorImpl.java:45)
	at java.base/java.lang.reflect.Constructor.newInstanceWithCaller(Constructor.java:499)
	at java.base/java.lang.reflect.Constructor.newInstance(Constructor.java:480)
	at org.openqa.selenium.remote.http.W3CHttpResponseCodec.createException(W3CHttpResponseCodec.java:187)
	at org.openqa.selenium.remote.http.W3CHttpResponseCodec.decode(W3CHttpResponseCodec.java:122)
	at org.openqa.selenium.remote.http.W3CHttpResponseCodec.decode(W3CHttpResponseCodec.java:49)
	at org.openqa.selenium.remote.HttpCommandExecutor.execute(HttpCommandExecutor.java:158)
	at org.openqa.selenium.remote.RemoteWebDriver.execute(RemoteWebDriver.java:552)
	at org.openqa.selenium.remote.RemoteWebDriver.findElement(RemoteWebDriver.java:323)
	at org.openqa.selenium.remote.RemoteWebDriver.findElementByXPath(RemoteWebDriver.java:428)
	at org.openqa.selenium.By$ByXPath.findElement(By.java:353)
	at org.openqa.selenium.remote.RemoteWebDriver.findElement(RemoteWebDriver.java:315)
	at base.PredefinedActions.getElementWithoutWait(PredefinedActions.java:93)
	at base.PredefinedActions.getElement(PredefinedActions.java:249)
	at base.PredefinedActions.clickOnElement(PredefinedActions.java:331)
	at pages.HomePage.markElementAsDone(HomePage.java:110)
	at pages.HomePage.markMultipleItemsAsComplete(HomePage.java:157)
	at testScripts.HomePageTest.testAddMultipleItemsAndMarkMultipleAsDone(HomePageTest.java:92)
	at java.base/jdk.internal.reflect.NativeMethodAccessorImpl.invoke0(Native Method)
	at java.base/jdk.internal.reflect.NativeMethodAccessorImpl.invoke(NativeMethodAccessorImpl.java:77)
	at java.base/jdk.internal.reflect.DelegatingMethodAccessorImpl.invoke(DelegatingMethodAccessorImpl.java:43)
	at java.base/java.lang.reflect.Method.invoke(Method.java:568)
	at org.testng.internal.MethodInvocationHelper.invokeMethod(MethodInvocationHelper.java:133)
	at org.testng.internal.TestInvoker.invokeMethod(TestInvoker.java:598)
	at org.testng.internal.TestInvoker.invokeTestMethod(TestInvoker.java:173)
	at org.testng.internal.MethodRunner.runInSequence(MethodRunner.java:46)
	at org.testng.internal.TestInvoker$MethodInvocationAgent.invoke(TestInvoker.java:824)
	at org.testng.internal.TestInvoker.invokeTestMethods(TestInvoker.java:146)
	at org.testng.internal.TestMethodWorker.invokeTestMethods(TestMethodWorker.java:146)
	at org.testng.internal.TestMethodWorker.run(TestMethodWorker.java:128)
	at java.base/java.util.ArrayList.forEach(ArrayList.java:1511)
	at org.testng.TestRunner.privateRun(TestRunner.java:794)
	at org.testng.TestRunner.run(TestRunner.java:596)
	at org.testng.SuiteRunner.runTest(SuiteRunner.java:377)
	at org.testng.SuiteRunner.runSequentially(SuiteRunner.java:371)
	at org.testng.SuiteRunner.privateRun(SuiteRunner.java:332)
	at org.testng.SuiteRunner.run(SuiteRunner.java:276)
	at org.testng.SuiteRunnerWorker.runSuite(SuiteRunnerWorker.java:53)
	at org.testng.SuiteRunnerWorker.run(SuiteRunnerWorker.java:96)
	at org.testng.TestNG.runSuitesSequentially(TestNG.java:1212)
	at org.testng.TestNG.runSuitesLocally(TestNG.java:1134)
	at org.testng.TestNG.runSuites(TestNG.java:1063)
	at org.testng.TestNG.run(TestNG.java:1031)
	at org.apache.maven.surefire.testng.TestNGExecutor.run(TestNGExecutor.java:282)
	at org.apache.maven.surefire.testng.TestNGXmlTestSuite.execute(TestNGXmlTestSuite.java:83)
	at org.apache.maven.surefire.testng.TestNGProvider.invoke(TestNGProvider.java:114)
	at org.apache.maven.surefire.booter.ForkedBooter.invokeProviderInSameClassLoader(ForkedBooter.java:286)
	at org.apache.maven.surefire.booter.ForkedBooter.runSuitesInProcess(ForkedBooter.java:240)
	at org.apache.maven.surefire.booter.ForkedBooter.main(ForkedBooter.java:121)
</pre></div></td>
<td>18</td>
<td>testScripts.HomePageTest@4f9a3314</td></tr>
</table><p>
</body>
</html>